<?xml version="1.0" encoding="UTF-8"?>
<!-- Generated by org.testng.reporters.JUnitReportReporter -->
<testsuite hostname="NGC-4HG1R74" failures="0" tests="2" name="testCases.TC03_InstType" time="3.264" errors="0" timestamp="2025-08-08T09:42:05 PDT" skipped="0">
  <testcase classname="testCases.TC03_InstType" name="InstituteType_process" time="1.744"/>
  <testcase classname="testCases.TC03_InstType" name="InstituteType_process" time="1.520"/>
</testsuite> <!-- testCases.TC03_InstType -->
