<?xml version="1.0" encoding="UTF-8"?>
<!-- Generated by org.testng.reporters.JUnitReportReporter -->
<testsuite hostname="NGC-4HG1R74" failures="0" tests="2" name="testCases.TC01_LoginTest" time="2.826" errors="0" timestamp="2025-08-08T09:42:05 PDT" skipped="0">
  <testcase classname="testCases.TC01_LoginTest" name="login_process" time="1.549"/>
  <testcase classname="testCases.TC01_LoginTest" name="login_process" time="1.277"/>
</testsuite> <!-- testCases.TC01_LoginTest -->
